<?xml version="1.0" encoding="utf-8"?><testsuites><testsuite name="pytest" errors="0" failures="0" skipped="1" tests="3" time="0.294" timestamp="2026-09-23T20:08:49.919742" hostname="huangbo-VMware-Virtual-Platform"><testcase classname="py07_jx.test.test_copyright" name="test_copyright" time="0.001"><skipped type="pytest.skip" message="No copyright header has been placed in the generated source file.">/home/huangbo/ros2_learn/tongxun_learn/src/py07_jx/test/test_copyright.py:20: No copyright header has been placed in the generated source file.</skipped></testcase><testcase classname="py07_jx.test.test_flake8" name="test_flake8" time="0.148" /><testcase classname="py07_jx.test.test_pep257" name="test_pep257" time="0.019" /></testsuite></testsuites>